
**** Build of configuration Debug for project empty_LP_MSPM0G3507_nortos_ticlang ****

"C:\\ti\\ccs1281\\ccs\\utils\\bin\\gmake" -k -j 12 all -O 
 
Building file: "../empty.syscfg"
Invoking: SysConfig
"C:/ti/sysconfig_1.22.0/sysconfig_cli.bat" --script "D:/vidyaleap ccs/empty_LP_MSPM0G3507_nortos_ticlang/empty.syscfg" -o "." -s "C:/ti/mspm0_sdk_2_03_00_07/.metadata/product.json" --compiler ticlang
Running script...
Validating...
info: CAPTURE_0(/ti/driverlib/CAPTURE): Peripheral does not retain register contents in STOP or STANDBY modes. User should take care to save and restore register configuration in application. See Retention Configuration section for more details.
Generating Code (empty.syscfg)...
Writing D:\vidyaleap ccs\empty_LP_MSPM0G3507_nortos_ticlang\Debug\device_linker.cmd...
Writing D:\vidyaleap ccs\empty_LP_MSPM0G3507_nortos_ticlang\Debug\device.opt...
Writing D:\vidyaleap ccs\empty_LP_MSPM0G3507_nortos_ticlang\Debug\device.cmd.genlibs...
Writing D:\vidyaleap ccs\empty_LP_MSPM0G3507_nortos_ticlang\Debug\ti_msp_dl_config.c...
Writing D:\vidyaleap ccs\empty_LP_MSPM0G3507_nortos_ticlang\Debug\ti_msp_dl_config.h...
Writing D:\vidyaleap ccs\empty_LP_MSPM0G3507_nortos_ticlang\Debug\Event.dot...
Finished building: "../empty.syscfg"
 
Building file: "C:/ti/mspm0_sdk_2_03_00_07/source/ti/devices/msp/m0p/startup_system_files/ticlang/startup_mspm0g350x_ticlang.c"
Invoking: Arm Compiler
"C:/ti/ccs1281/ccs/tools/compiler/ti-cgt-armllvm_3.2.2.LTS/bin/tiarmclang.exe" -c @"device.opt"  -march=thumbv6m -mcpu=cortex-m0plus -mfloat-abi=soft -mlittle-endian -mthumb -O2 -I"D:/vidyaleap ccs/empty_LP_MSPM0G3507_nortos_ticlang" -I"D:/vidyaleap ccs/empty_LP_MSPM0G3507_nortos_ticlang/Debug" -I"C:/ti/mspm0_sdk_2_03_00_07/source/third_party/CMSIS/Core/Include" -I"C:/ti/mspm0_sdk_2_03_00_07/source" -gdwarf-3 -MMD -MP -MF"startup_mspm0g350x_ticlang.d_raw" -MT"startup_mspm0g350x_ticlang.o"  @"./device.opt"  -o"startup_mspm0g350x_ticlang.o" "C:/ti/mspm0_sdk_2_03_00_07/source/ti/devices/msp/m0p/startup_system_files/ticlang/startup_mspm0g350x_ticlang.c"
Finished building: "C:/ti/mspm0_sdk_2_03_00_07/source/ti/devices/msp/m0p/startup_system_files/ticlang/startup_mspm0g350x_ticlang.c"
 
Building file: "../empty.c"
Invoking: Arm Compiler
"C:/ti/ccs1281/ccs/tools/compiler/ti-cgt-armllvm_3.2.2.LTS/bin/tiarmclang.exe" -c @"device.opt"  -march=thumbv6m -mcpu=cortex-m0plus -mfloat-abi=soft -mlittle-endian -mthumb -O2 -I"D:/vidyaleap ccs/empty_LP_MSPM0G3507_nortos_ticlang" -I"D:/vidyaleap ccs/empty_LP_MSPM0G3507_nortos_ticlang/Debug" -I"C:/ti/mspm0_sdk_2_03_00_07/source/third_party/CMSIS/Core/Include" -I"C:/ti/mspm0_sdk_2_03_00_07/source" -gdwarf-3 -MMD -MP -MF"empty.d_raw" -MT"empty.o"  @"./device.opt"  -o"empty.o" "../empty.c"
Finished building: "../empty.c"
 
Building file: "ti_msp_dl_config.c"
Invoking: Arm Compiler
"C:/ti/ccs1281/ccs/tools/compiler/ti-cgt-armllvm_3.2.2.LTS/bin/tiarmclang.exe" -c @"device.opt"  -march=thumbv6m -mcpu=cortex-m0plus -mfloat-abi=soft -mlittle-endian -mthumb -O2 -I"D:/vidyaleap ccs/empty_LP_MSPM0G3507_nortos_ticlang" -I"D:/vidyaleap ccs/empty_LP_MSPM0G3507_nortos_ticlang/Debug" -I"C:/ti/mspm0_sdk_2_03_00_07/source/third_party/CMSIS/Core/Include" -I"C:/ti/mspm0_sdk_2_03_00_07/source" -gdwarf-3 -MMD -MP -MF"ti_msp_dl_config.d_raw" -MT"ti_msp_dl_config.o"  @"./device.opt"  -o"ti_msp_dl_config.o" "ti_msp_dl_config.c"
Finished building: "ti_msp_dl_config.c"
 
Building target: "empty_LP_MSPM0G3507_nortos_ticlang.out"
Invoking: Arm Linker
"C:/ti/ccs1281/ccs/tools/compiler/ti-cgt-armllvm_3.2.2.LTS/bin/tiarmclang.exe" @"device.opt"  -march=thumbv6m -mcpu=cortex-m0plus -mfloat-abi=soft -mlittle-endian -mthumb -O2 -gdwarf-3 -Wl,-m"empty_LP_MSPM0G3507_nortos_ticlang.map" -Wl,-i"C:/ti/mspm0_sdk_2_03_00_07/source" -Wl,-i"D:/vidyaleap ccs/empty_LP_MSPM0G3507_nortos_ticlang" -Wl,-i"D:/vidyaleap ccs/empty_LP_MSPM0G3507_nortos_ticlang/Debug/syscfg" -Wl,-i"C:/ti/ccs1281/ccs/tools/compiler/ti-cgt-armllvm_3.2.2.LTS/lib" -Wl,--diag_wrap=off -Wl,--display_error_number -Wl,--warn_sections -Wl,--xml_link_info="empty_LP_MSPM0G3507_nortos_ticlang_linkInfo.xml" -Wl,--rom_model -o "empty_LP_MSPM0G3507_nortos_ticlang.out" "./empty.o" "./ti_msp_dl_config.o" "./startup_mspm0g350x_ticlang.o" -Wl,-l"./device_linker.cmd"  -Wl,-ldevice.cmd.genlibs -Wl,-llibc.a 
Finished building target: "empty_LP_MSPM0G3507_nortos_ticlang.out"
 

**** Build Finished ****
