
**** Build of configuration Debug for project systick_periodic_timer_LP_MSPM0G3507_nortos_ticlang ****

"C:\\ti\\ccs1281\\ccs\\utils\\bin\\gmake" -k -j 12 all -O 
 
Building file: "../systick_periodic_timer.syscfg"
Invoking: SysConfig
"C:/ti/sysconfig_1.22.0/sysconfig_cli.bat" --script "D:/vidyaleap ccs/systick_periodic_timer_LP_MSPM0G3507_nortos_ticlang/systick_periodic_timer.syscfg" -o "." -s "C:/ti/mspm0_sdk_2_03_00_07/.metadata/product.json" --compiler ticlang
Running script...
Validating...
Generating Code (systick_periodic_timer.syscfg)...
Writing D:\vidyaleap ccs\systick_periodic_timer_LP_MSPM0G3507_nortos_ticlang\Debug\device_linker.cmd...
Writing D:\vidyaleap ccs\systick_periodic_timer_LP_MSPM0G3507_nortos_ticlang\Debug\device.opt...
Writing D:\vidyaleap ccs\systick_periodic_timer_LP_MSPM0G3507_nortos_ticlang\Debug\device.cmd.genlibs...
Writing D:\vidyaleap ccs\systick_periodic_timer_LP_MSPM0G3507_nortos_ticlang\Debug\ti_msp_dl_config.c...
Writing D:\vidyaleap ccs\systick_periodic_timer_LP_MSPM0G3507_nortos_ticlang\Debug\ti_msp_dl_config.h...
Writing D:\vidyaleap ccs\systick_periodic_timer_LP_MSPM0G3507_nortos_ticlang\Debug\Event.dot...
Finished building: "../systick_periodic_timer.syscfg"
 
Building file: "C:/ti/mspm0_sdk_2_03_00_07/source/ti/devices/msp/m0p/startup_system_files/ticlang/startup_mspm0g350x_ticlang.c"
Invoking: Arm Compiler
"C:/ti/ccs1281/ccs/tools/compiler/ti-cgt-armllvm_3.2.2.LTS/bin/tiarmclang.exe" -c @"device.opt"  -march=thumbv6m -mcpu=cortex-m0plus -mfloat-abi=soft -mlittle-endian -mthumb -O2 -I"D:/vidyaleap ccs/systick_periodic_timer_LP_MSPM0G3507_nortos_ticlang" -I"D:/vidyaleap ccs/systick_periodic_timer_LP_MSPM0G3507_nortos_ticlang/Debug" -I"C:/ti/mspm0_sdk_2_03_00_07/source/third_party/CMSIS/Core/Include" -I"C:/ti/mspm0_sdk_2_03_00_07/source" -gdwarf-3 -MMD -MP -MF"startup_mspm0g350x_ticlang.d_raw" -MT"startup_mspm0g350x_ticlang.o"  @"./device.opt"  -o"startup_mspm0g350x_ticlang.o" "C:/ti/mspm0_sdk_2_03_00_07/source/ti/devices/msp/m0p/startup_system_files/ticlang/startup_mspm0g350x_ticlang.c"
Finished building: "C:/ti/mspm0_sdk_2_03_00_07/source/ti/devices/msp/m0p/startup_system_files/ticlang/startup_mspm0g350x_ticlang.c"
 
Building file: "../systick_periodic_timer.c"
Invoking: Arm Compiler
"C:/ti/ccs1281/ccs/tools/compiler/ti-cgt-armllvm_3.2.2.LTS/bin/tiarmclang.exe" -c @"device.opt"  -march=thumbv6m -mcpu=cortex-m0plus -mfloat-abi=soft -mlittle-endian -mthumb -O2 -I"D:/vidyaleap ccs/systick_periodic_timer_LP_MSPM0G3507_nortos_ticlang" -I"D:/vidyaleap ccs/systick_periodic_timer_LP_MSPM0G3507_nortos_ticlang/Debug" -I"C:/ti/mspm0_sdk_2_03_00_07/source/third_party/CMSIS/Core/Include" -I"C:/ti/mspm0_sdk_2_03_00_07/source" -gdwarf-3 -MMD -MP -MF"systick_periodic_timer.d_raw" -MT"systick_periodic_timer.o"  @"./device.opt"  -o"systick_periodic_timer.o" "../systick_periodic_timer.c"
Finished building: "../systick_periodic_timer.c"
 
Building file: "ti_msp_dl_config.c"
Invoking: Arm Compiler
"C:/ti/ccs1281/ccs/tools/compiler/ti-cgt-armllvm_3.2.2.LTS/bin/tiarmclang.exe" -c @"device.opt"  -march=thumbv6m -mcpu=cortex-m0plus -mfloat-abi=soft -mlittle-endian -mthumb -O2 -I"D:/vidyaleap ccs/systick_periodic_timer_LP_MSPM0G3507_nortos_ticlang" -I"D:/vidyaleap ccs/systick_periodic_timer_LP_MSPM0G3507_nortos_ticlang/Debug" -I"C:/ti/mspm0_sdk_2_03_00_07/source/third_party/CMSIS/Core/Include" -I"C:/ti/mspm0_sdk_2_03_00_07/source" -gdwarf-3 -MMD -MP -MF"ti_msp_dl_config.d_raw" -MT"ti_msp_dl_config.o"  @"./device.opt"  -o"ti_msp_dl_config.o" "ti_msp_dl_config.c"
Finished building: "ti_msp_dl_config.c"
 
Building target: "systick_periodic_timer_LP_MSPM0G3507_nortos_ticlang.out"
Invoking: Arm Linker
"C:/ti/ccs1281/ccs/tools/compiler/ti-cgt-armllvm_3.2.2.LTS/bin/tiarmclang.exe" @"device.opt"  -march=thumbv6m -mcpu=cortex-m0plus -mfloat-abi=soft -mlittle-endian -mthumb -O2 -gdwarf-3 -Wl,-m"systick_periodic_timer_LP_MSPM0G3507_nortos_ticlang.map" -Wl,-i"C:/ti/mspm0_sdk_2_03_00_07/source" -Wl,-i"D:/vidyaleap ccs/systick_periodic_timer_LP_MSPM0G3507_nortos_ticlang" -Wl,-i"D:/vidyaleap ccs/systick_periodic_timer_LP_MSPM0G3507_nortos_ticlang/Debug/syscfg" -Wl,-i"C:/ti/ccs1281/ccs/tools/compiler/ti-cgt-armllvm_3.2.2.LTS/lib" -Wl,--diag_wrap=off -Wl,--display_error_number -Wl,--warn_sections -Wl,--xml_link_info="systick_periodic_timer_LP_MSPM0G3507_nortos_ticlang_linkInfo.xml" -Wl,--rom_model -o "systick_periodic_timer_LP_MSPM0G3507_nortos_ticlang.out" "./systick_periodic_timer.o" "./ti_msp_dl_config.o" "./startup_mspm0g350x_ticlang.o" -Wl,-l"./device_linker.cmd"  -Wl,-ldevice.cmd.genlibs -Wl,-llibc.a 
Finished building target: "systick_periodic_timer_LP_MSPM0G3507_nortos_ticlang.out"
 

**** Build Finished ****
